<?xml version="1.0" encoding="UTF-8" ?>
<testsuite failures="0" time="0.038" errors="0" skipped="0" tests="1" name="it.webscience.kpeople.epe.mediators.AppTest">
  <properties>
    <property name="java.runtime.name" value="Java(TM) SE Runtime Environment"/>
    <property name="sun.boot.library.path" value="/System/Library/Frameworks/JavaVM.framework/Versions/1.6.0/Libraries"/>
    <property name="java.vm.version" value="14.3-b01-101"/>
    <property name="awt.nativeDoubleBuffering" value="true"/>
    <property name="gopherProxySet" value="false"/>
    <property name="mrj.build" value="10M3025"/>
    <property name="java.vm.vendor" value="Apple Inc."/>
    <property name="java.vendor.url" value="http://www.apple.com/"/>
    <property name="path.separator" value=":"/>
    <property name="java.vm.name" value="Java HotSpot(TM) 64-Bit Server VM"/>
    <property name="file.encoding.pkg" value="sun.io"/>
    <property name="user.country" value="IT"/>
    <property name="sun.java.launcher" value="SUN_STANDARD"/>
    <property name="sun.os.patch.level" value="unknown"/>
    <property name="java.vm.specification.name" value="Java Virtual Machine Specification"/>
    <property name="user.dir" value="/Users/javano/wrksps/kpeople/it.webscience.kpeople.epe.mediators.eventlogger"/>
    <property name="java.runtime.version" value="1.6.0_17-b04-248-10M3025"/>
    <property name="java.awt.graphicsenv" value="apple.awt.CGraphicsEnvironment"/>
    <property name="basedir" value="/Users/javano/wrksps/kpeople/it.webscience.kpeople.epe.mediators.eventlogger"/>
    <property name="java.endorsed.dirs" value="/System/Library/Frameworks/JavaVM.framework/Versions/1.6.0/Home/lib/endorsed"/>
    <property name="os.arch" value="x86_64"/>
    <property name="surefire.real.class.path" value="/var/folders/jI/jIp4FD-HGLSfskvaZXIpsU+++TI/-Tmp-/surefirebooter1197899450157359644.jar"/>
    <property name="java.io.tmpdir" value="/var/folders/jI/jIp4FD-HGLSfskvaZXIpsU+++TI/-Tmp-/"/>
    <property name="line.separator" value="
"/>
    <property name="java.vm.specification.vendor" value="Sun Microsystems Inc."/>
    <property name="os.name" value="Mac OS X"/>
    <property name="sun.jnu.encoding" value="MacRoman"/>
    <property name="java.library.path" value=".:/Library/Java/Extensions:/System/Library/Java/Extensions:/usr/lib/java"/>
    <property name="surefire.test.class.path" value="/Users/javano/wrksps/kpeople/it.webscience.kpeople.epe.mediators.eventlogger/target/test-classes:/Users/javano/wrksps/kpeople/it.webscience.kpeople.epe.mediators.eventlogger/target/classes:/Users/javano/.m2/repository/junit/junit/3.8.1/junit-3.8.1.jar:/Users/javano/.m2/repository/org/apache/synapse/synapse-core/1.4.0-wso2v1/synapse-core-1.4.0-wso2v1.jar:/Users/javano/.m2/repository/org/apache/synapse/synapse-commons/1.4.0-wso2v1/synapse-commons-1.4.0-wso2v1.jar:/Users/javano/.m2/repository/javax/activation/activation/1.1/activation-1.1.jar:/Users/javano/.m2/repository/org/apache/axis2/axis2-transport-base/1.1.0-wso2v1/axis2-transport-base-1.1.0-wso2v1.jar:/Users/javano/.m2/repository/org/apache/ws/commons/axiom/axiom-api/1.2.5/axiom-api-1.2.5.jar:/Users/javano/.m2/repository/commons-logging/commons-logging/1.1.1/commons-logging-1.1.1.jar:/Users/javano/.m2/repository/jaxen/jaxen/1.1-beta-9/jaxen-1.1-beta-9.jar:/Users/javano/.m2/repository/xml-apis/xml-apis/1.3.03/xml-apis-1.3.03.jar:/Users/javano/.m2/repository/xerces/xercesImpl/2.8.1/xercesImpl-2.8.1.jar:/Users/javano/.m2/repository/org/apache/geronimo/specs/geronimo-stax-api_1.0_spec/1.0.1/geronimo-stax-api_1.0_spec-1.0.1.jar:/Users/javano/.m2/repository/org/apache/ws/commons/axiom/axiom-impl/1.2.5/axiom-impl-1.2.5.jar:/Users/javano/.m2/repository/org/codehaus/woodstox/wstx-asl/3.2.1/wstx-asl-3.2.1.jar:/Users/javano/.m2/repository/org/apache/ws/commons/axiom/axiom-dom/1.2.5/axiom-dom-1.2.5.jar:/Users/javano/.m2/repository/org/apache/axis2/axis2-kernel/1.3/axis2-kernel-1.3.jar:/Users/javano/.m2/repository/org/apache/geronimo/specs/geronimo-jta_1.1_spec/1.1/geronimo-jta_1.1_spec-1.1.jar:/Users/javano/.m2/repository/commons-httpclient/commons-httpclient/3.0.1/commons-httpclient-3.0.1.jar:/Users/javano/.m2/repository/commons-codec/commons-codec/1.2/commons-codec-1.2.jar:/Users/javano/.m2/repository/commons-fileupload/commons-fileupload/1.1.1/commons-fileupload-1.1.1.jar:/Users/javano/.m2/repository/wsdl4j/wsdl4j/1.6.2/wsdl4j-1.6.2.jar:/Users/javano/.m2/repository/org/apache/ws/commons/schema/XmlSchema/1.3.2/XmlSchema-1.3.2.jar:/Users/javano/.m2/repository/org/apache/neethi/neethi/2.0.4/neethi-2.0.4.jar:/Users/javano/.m2/repository/javax/mail/mail/1.4/mail-1.4.jar:/Users/javano/.m2/repository/xalan/xalan/2.7.1/xalan-2.7.1.jar:/Users/javano/.m2/repository/commons-io/commons-io/1.2/commons-io-1.2.jar:/Users/javano/.m2/repository/org/apache/axis2/axis2-adb/1.6-wso2v1/axis2-adb-1.6-wso2v1.jar:/Users/javano/.m2/repository/org/apache/axis2/axis2-clustering/1.6-wso2v1/axis2-clustering-1.6-wso2v1.jar:/Users/javano/.m2/repository/org/apache/tomcat/tribes/6.0.16/tribes-6.0.16.jar:/Users/javano/.m2/repository/org/apache/tomcat/juli/6.0.16/juli-6.0.16.jar:/Users/javano/.m2/repository/org/apache/axis2/axis2-mtompolicy/1.6-wso2v1/axis2-mtompolicy-1.6-wso2v1.jar:/Users/javano/.m2/repository/org/apache/sandesha2/sandesha2-core/1.5-wso2v1/sandesha2-core-1.5-wso2v1.jar:/Users/javano/.m2/repository/org/apache/axis2/axis2-codegen/1.6-wso2v1/axis2-codegen-1.6-wso2v1.jar:/Users/javano/.m2/repository/stax/stax-api/1.0.1/stax-api-1.0.1.jar:/Users/javano/.m2/repository/xalan/serializer/2.7.1/serializer-2.7.1.jar:/Users/javano/.m2/repository/rhino/js/1.6R5/js-1.6R5.jar:/Users/javano/.m2/repository/commons-dbcp/commons-dbcp/1.2.2/commons-dbcp-1.2.2.jar:/Users/javano/.m2/repository/commons-pool/commons-pool/1.3/commons-pool-1.3.jar:/Users/javano/.m2/repository/org/apache/bcel/bcel/5.2/bcel-5.2.jar:/Users/javano/.m2/repository/jakarta-regexp/jakarta-regexp/1.4/jakarta-regexp-1.4.jar:/Users/javano/.m2/repository/java-cup/java-cup/0.0/java-cup-0.0.jar:/Users/javano/.m2/repository/JLex/JLex/0.0/JLex-0.0.jar:/Users/javano/.m2/repository/org/opensymphony/quartz/1.6.0/quartz-1.6.0.jar:/Users/javano/.m2/repository/net/sf/saxon/saxon/8.9/saxon-8.9.jar:/Users/javano/.m2/repository/net/sf/saxon/saxon-dom/8.9/saxon-dom-8.9.jar:/Users/javano/.m2/repository/net/sf/saxon/saxon-xqj/8.9/saxon-xqj-8.9.jar:/Users/javano/.m2/repository/commons-cli/commons-cli/1.0/commons-cli-1.0.jar:/Users/javano/.m2/repository/commons-lang/commons-lang/1.0/commons-lang-1.0.jar:/Users/javano/.m2/repository/org/wso2/caching/wso2caching-core/3.4.0/wso2caching-core-3.4.0.jar:/Users/javano/.m2/repository/org/apache/axis2/axis2-saaj/1.6-wso2v1/axis2-saaj-1.6-wso2v1.jar:/Users/javano/.m2/repository/org/apache/geronimo/specs/geronimo-saaj_1.3_spec/1.0.1/geronimo-saaj_1.3_spec-1.0.1.jar:/Users/javano/.m2/repository/xmlunit/xmlunit/1.1/xmlunit-1.1.jar:/Users/javano/.m2/repository/org/wso2/eventing/wso2eventing-api/2.1/wso2eventing-api-2.1.jar:/Users/javano/.m2/repository/org/apache/synapse/synapse-tasks/1.4.0-wso2v1/synapse-tasks-1.4.0-wso2v1.jar:/Users/javano/.m2/repository/commons-collections/commons-collections/3.1/commons-collections-3.1.jar:/Users/javano/.m2/repository/org/apache/synapse/synapse-nhttp-transport/1.4.0-wso2v1/synapse-nhttp-transport-1.4.0-wso2v1.jar:/Users/javano/.m2/repository/org/apache/httpcomponents/httpcore/4.0-alpha5/httpcore-4.0-alpha5.jar:/Users/javano/.m2/repository/org/apache/httpcomponents/httpcore-nio/4.0-alpha5/httpcore-nio-4.0-alpha5.jar:/Users/javano/.m2/repository/org/apache/axis2/axis2-transport-http/1.6-wso2v1/axis2-transport-http-1.6-wso2v1.jar:/Users/javano/.m2/repository/backport-util-concurrent/backport-util-concurrent/2.2/backport-util-concurrent-2.2.jar:/Users/javano/.m2/repository/org/apache/woden/woden/1.0-incubating-M7b/woden-1.0-incubating-M7b.jar:/Users/javano/.m2/repository/annogen/annogen/0.1.0/annogen-0.1.0.jar:/Users/javano/.m2/repository/org/apache/geronimo/specs/geronimo-jms_1.1_spec/1.0/geronimo-jms_1.1_spec-1.0.jar:/Users/javano/.m2/repository/org/apache/httpcomponents/httpcore-niossl/4.0-alpha5/httpcore-niossl-4.0-alpha5.jar:/Users/javano/.m2/repository/it/webscience/kpeople/logging/it.webscience.kpeople.logging/1.0/it.webscience.kpeople.logging-1.0.jar:/Users/javano/.m2/repository/org/eclipse/osgi/org.eclipse.osgi/3.5.0.v20090520/org.eclipse.osgi-3.5.0.v20090520.jar:/Users/javano/.m2/repository/log4j/log4j/1.2.11/log4j-1.2.11.jar:"/>
    <property name="java.specification.name" value="Java Platform API Specification"/>
    <property name="java.class.version" value="50.0"/>
    <property name="sun.management.compiler" value="HotSpot 64-Bit Server Compiler"/>
    <property name="os.version" value="10.6.2"/>
    <property name="http.nonProxyHosts" value="local|*.local|169.254/16|*.169.254/16|pirelli.com|*.pirelli.com"/>
    <property name="user.home" value="/Users/javano"/>
    <property name="user.timezone" value=""/>
    <property name="java.awt.printerjob" value="apple.awt.CPrinterJob"/>
    <property name="java.specification.version" value="1.6"/>
    <property name="file.encoding" value="MacRoman"/>
    <property name="user.name" value="javano"/>
    <property name="java.class.path" value="/Users/javano/wrksps/kpeople/it.webscience.kpeople.epe.mediators.eventlogger/target/test-classes:/Users/javano/wrksps/kpeople/it.webscience.kpeople.epe.mediators.eventlogger/target/classes:/Users/javano/.m2/repository/junit/junit/3.8.1/junit-3.8.1.jar:/Users/javano/.m2/repository/org/apache/synapse/synapse-core/1.4.0-wso2v1/synapse-core-1.4.0-wso2v1.jar:/Users/javano/.m2/repository/org/apache/synapse/synapse-commons/1.4.0-wso2v1/synapse-commons-1.4.0-wso2v1.jar:/Users/javano/.m2/repository/javax/activation/activation/1.1/activation-1.1.jar:/Users/javano/.m2/repository/org/apache/axis2/axis2-transport-base/1.1.0-wso2v1/axis2-transport-base-1.1.0-wso2v1.jar:/Users/javano/.m2/repository/org/apache/ws/commons/axiom/axiom-api/1.2.5/axiom-api-1.2.5.jar:/Users/javano/.m2/repository/commons-logging/commons-logging/1.1.1/commons-logging-1.1.1.jar:/Users/javano/.m2/repository/jaxen/jaxen/1.1-beta-9/jaxen-1.1-beta-9.jar:/Users/javano/.m2/repository/xml-apis/xml-apis/1.3.03/xml-apis-1.3.03.jar:/Users/javano/.m2/repository/xerces/xercesImpl/2.8.1/xercesImpl-2.8.1.jar:/Users/javano/.m2/repository/org/apache/geronimo/specs/geronimo-stax-api_1.0_spec/1.0.1/geronimo-stax-api_1.0_spec-1.0.1.jar:/Users/javano/.m2/repository/org/apache/ws/commons/axiom/axiom-impl/1.2.5/axiom-impl-1.2.5.jar:/Users/javano/.m2/repository/org/codehaus/woodstox/wstx-asl/3.2.1/wstx-asl-3.2.1.jar:/Users/javano/.m2/repository/org/apache/ws/commons/axiom/axiom-dom/1.2.5/axiom-dom-1.2.5.jar:/Users/javano/.m2/repository/org/apache/axis2/axis2-kernel/1.3/axis2-kernel-1.3.jar:/Users/javano/.m2/repository/org/apache/geronimo/specs/geronimo-jta_1.1_spec/1.1/geronimo-jta_1.1_spec-1.1.jar:/Users/javano/.m2/repository/commons-httpclient/commons-httpclient/3.0.1/commons-httpclient-3.0.1.jar:/Users/javano/.m2/repository/commons-codec/commons-codec/1.2/commons-codec-1.2.jar:/Users/javano/.m2/repository/commons-fileupload/commons-fileupload/1.1.1/commons-fileupload-1.1.1.jar:/Users/javano/.m2/repository/wsdl4j/wsdl4j/1.6.2/wsdl4j-1.6.2.jar:/Users/javano/.m2/repository/org/apache/ws/commons/schema/XmlSchema/1.3.2/XmlSchema-1.3.2.jar:/Users/javano/.m2/repository/org/apache/neethi/neethi/2.0.4/neethi-2.0.4.jar:/Users/javano/.m2/repository/javax/mail/mail/1.4/mail-1.4.jar:/Users/javano/.m2/repository/xalan/xalan/2.7.1/xalan-2.7.1.jar:/Users/javano/.m2/repository/commons-io/commons-io/1.2/commons-io-1.2.jar:/Users/javano/.m2/repository/org/apache/axis2/axis2-adb/1.6-wso2v1/axis2-adb-1.6-wso2v1.jar:/Users/javano/.m2/repository/org/apache/axis2/axis2-clustering/1.6-wso2v1/axis2-clustering-1.6-wso2v1.jar:/Users/javano/.m2/repository/org/apache/tomcat/tribes/6.0.16/tribes-6.0.16.jar:/Users/javano/.m2/repository/org/apache/tomcat/juli/6.0.16/juli-6.0.16.jar:/Users/javano/.m2/repository/org/apache/axis2/axis2-mtompolicy/1.6-wso2v1/axis2-mtompolicy-1.6-wso2v1.jar:/Users/javano/.m2/repository/org/apache/sandesha2/sandesha2-core/1.5-wso2v1/sandesha2-core-1.5-wso2v1.jar:/Users/javano/.m2/repository/org/apache/axis2/axis2-codegen/1.6-wso2v1/axis2-codegen-1.6-wso2v1.jar:/Users/javano/.m2/repository/stax/stax-api/1.0.1/stax-api-1.0.1.jar:/Users/javano/.m2/repository/xalan/serializer/2.7.1/serializer-2.7.1.jar:/Users/javano/.m2/repository/rhino/js/1.6R5/js-1.6R5.jar:/Users/javano/.m2/repository/commons-dbcp/commons-dbcp/1.2.2/commons-dbcp-1.2.2.jar:/Users/javano/.m2/repository/commons-pool/commons-pool/1.3/commons-pool-1.3.jar:/Users/javano/.m2/repository/org/apache/bcel/bcel/5.2/bcel-5.2.jar:/Users/javano/.m2/repository/jakarta-regexp/jakarta-regexp/1.4/jakarta-regexp-1.4.jar:/Users/javano/.m2/repository/java-cup/java-cup/0.0/java-cup-0.0.jar:/Users/javano/.m2/repository/JLex/JLex/0.0/JLex-0.0.jar:/Users/javano/.m2/repository/org/opensymphony/quartz/1.6.0/quartz-1.6.0.jar:/Users/javano/.m2/repository/net/sf/saxon/saxon/8.9/saxon-8.9.jar:/Users/javano/.m2/repository/net/sf/saxon/saxon-dom/8.9/saxon-dom-8.9.jar:/Users/javano/.m2/repository/net/sf/saxon/saxon-xqj/8.9/saxon-xqj-8.9.jar:/Users/javano/.m2/repository/commons-cli/commons-cli/1.0/commons-cli-1.0.jar:/Users/javano/.m2/repository/commons-lang/commons-lang/1.0/commons-lang-1.0.jar:/Users/javano/.m2/repository/org/wso2/caching/wso2caching-core/3.4.0/wso2caching-core-3.4.0.jar:/Users/javano/.m2/repository/org/apache/axis2/axis2-saaj/1.6-wso2v1/axis2-saaj-1.6-wso2v1.jar:/Users/javano/.m2/repository/org/apache/geronimo/specs/geronimo-saaj_1.3_spec/1.0.1/geronimo-saaj_1.3_spec-1.0.1.jar:/Users/javano/.m2/repository/xmlunit/xmlunit/1.1/xmlunit-1.1.jar:/Users/javano/.m2/repository/org/wso2/eventing/wso2eventing-api/2.1/wso2eventing-api-2.1.jar:/Users/javano/.m2/repository/org/apache/synapse/synapse-tasks/1.4.0-wso2v1/synapse-tasks-1.4.0-wso2v1.jar:/Users/javano/.m2/repository/commons-collections/commons-collections/3.1/commons-collections-3.1.jar:/Users/javano/.m2/repository/org/apache/synapse/synapse-nhttp-transport/1.4.0-wso2v1/synapse-nhttp-transport-1.4.0-wso2v1.jar:/Users/javano/.m2/repository/org/apache/httpcomponents/httpcore/4.0-alpha5/httpcore-4.0-alpha5.jar:/Users/javano/.m2/repository/org/apache/httpcomponents/httpcore-nio/4.0-alpha5/httpcore-nio-4.0-alpha5.jar:/Users/javano/.m2/repository/org/apache/axis2/axis2-transport-http/1.6-wso2v1/axis2-transport-http-1.6-wso2v1.jar:/Users/javano/.m2/repository/backport-util-concurrent/backport-util-concurrent/2.2/backport-util-concurrent-2.2.jar:/Users/javano/.m2/repository/org/apache/woden/woden/1.0-incubating-M7b/woden-1.0-incubating-M7b.jar:/Users/javano/.m2/repository/annogen/annogen/0.1.0/annogen-0.1.0.jar:/Users/javano/.m2/repository/org/apache/geronimo/specs/geronimo-jms_1.1_spec/1.0/geronimo-jms_1.1_spec-1.0.jar:/Users/javano/.m2/repository/org/apache/httpcomponents/httpcore-niossl/4.0-alpha5/httpcore-niossl-4.0-alpha5.jar:/Users/javano/.m2/repository/it/webscience/kpeople/logging/it.webscience.kpeople.logging/1.0/it.webscience.kpeople.logging-1.0.jar:/Users/javano/.m2/repository/org/eclipse/osgi/org.eclipse.osgi/3.5.0.v20090520/org.eclipse.osgi-3.5.0.v20090520.jar:/Users/javano/.m2/repository/log4j/log4j/1.2.11/log4j-1.2.11.jar:"/>
    <property name="java.vm.specification.version" value="1.0"/>
    <property name="sun.arch.data.model" value="64"/>
    <property name="java.home" value="/System/Library/Frameworks/JavaVM.framework/Versions/1.6.0/Home"/>
    <property name="java.specification.vendor" value="Sun Microsystems Inc."/>
    <property name="user.language" value="it"/>
    <property name="awt.toolkit" value="apple.awt.CToolkit"/>
    <property name="java.vm.info" value="mixed mode"/>
    <property name="java.version" value="1.6.0_17"/>
    <property name="java.ext.dirs" value="/Library/Java/Extensions:/System/Library/Java/Extensions:/System/Library/Frameworks/JavaVM.framework/Versions/1.6.0/Home/lib/ext"/>
    <property name="sun.boot.class.path" value="/System/Library/Frameworks/JavaVM.framework/Versions/1.6.0/Classes/jsfd.jar:/System/Library/Frameworks/JavaVM.framework/Versions/1.6.0/Classes/classes.jar:/System/Library/Frameworks/JavaVM.framework/Frameworks/JavaRuntimeSupport.framework/Resources/Java/JavaRuntimeSupport.jar:/System/Library/Frameworks/JavaVM.framework/Versions/1.6.0/Classes/ui.jar:/System/Library/Frameworks/JavaVM.framework/Versions/1.6.0/Classes/laf.jar:/System/Library/Frameworks/JavaVM.framework/Versions/1.6.0/Classes/sunrsasign.jar:/System/Library/Frameworks/JavaVM.framework/Versions/1.6.0/Classes/jsse.jar:/System/Library/Frameworks/JavaVM.framework/Versions/1.6.0/Classes/jce.jar:/System/Library/Frameworks/JavaVM.framework/Versions/1.6.0/Classes/charsets.jar"/>
    <property name="java.vendor" value="Apple Inc."/>
    <property name="localRepository" value="/Users/javano/.m2/repository"/>
    <property name="file.separator" value="/"/>
    <property name="java.vendor.url.bug" value="http://bugreport.apple.com/"/>
    <property name="sun.cpu.endian" value="little"/>
    <property name="sun.io.unicode.encoding" value="UnicodeLittle"/>
    <property name="mrj.version" value="1060.1.6.0_17-248"/>
    <property name="socksNonProxyHosts" value="local|*.local|169.254/16|*.169.254/16|pirelli.com|*.pirelli.com"/>
    <property name="ftp.nonProxyHosts" value="local|*.local|169.254/16|*.169.254/16|pirelli.com|*.pirelli.com"/>
    <property name="sun.cpu.isalist" value=""/>
  </properties>
  <testcase time="0.004" classname="it.webscience.kpeople.epe.mediators.AppTest" name="testApp"/>
</testsuite>